<?xml version="1.0" encoding="UTF-8"?>
<!-- Generated by org.testng.reporters.JUnitReportReporter -->
<testsuite skipped="0" hostname="XIPL9411" name="com.qa.tests.LandingPageTest" tests="3" failures="0" timestamp="2020-06-04T16:13:23 IST" time="44.783" errors="0">
  <testcase name="LandingpageTitleTest" time="16.714" classname="com.qa.tests.LandingPageTest"/>
  <system-out/>
  <testcase name="LandingpageLogTest" time="15.448" classname="com.qa.tests.LandingPageTest"/>
  <system-out/>
  <testcase name="openElementsPageTest" time="12.621" classname="com.qa.tests.LandingPageTest"/>
  <system-out/>
</testsuite> <!-- com.qa.tests.LandingPageTest -->
